<?xml version="1.0" encoding="UTF-8"?>
<!-- Generated by org.testng.reporters.JUnitReportReporter -->
<testsuite skipped="0" hostname="DESKTOP-UBQJ9QQ" name="com.uiFrameWork.CompanyName.ProjectName.testScripts.LoginTest" tests="1" failures="0" timestamp="06 Jul 2020 08:02:08 GMT" time="15.887" errors="0">
  <testcase name="testLogin" time="15.887" classname="com.uiFrameWork.CompanyName.ProjectName.testScripts.LoginTest"/>
</testsuite> <!-- com.uiFrameWork.CompanyName.ProjectName.testScripts.LoginTest -->
