<?xml version="1.0" encoding="UTF-8"?>
<!-- Generated by org.testng.reporters.JUnitReportReporter -->
<testsuite skipped="0" hostname="DESKTOP-UBQJ9QQ" name="com.uiFrameWork.CompanyName.ProjectName.PageObjects.LoginPage" tests="1" failures="0" timestamp="06 Jul 2020 06:26:04 GMT" time="7.296" errors="0">
  <testcase name="testLoginPage" time="7.296" classname="com.uiFrameWork.CompanyName.ProjectName.PageObjects.LoginPage"/>
</testsuite> <!-- com.uiFrameWork.CompanyName.ProjectName.PageObjects.LoginPage -->
