<?xml version="1.0" encoding="UTF-8"?>
<!-- Generated by org.testng.reporters.JUnitReportReporter -->
<testsuite skipped="0" hostname="DESKTOP-UBQJ9QQ" name="com.uiFrameWork.CompanyName.ProjectName.testScripts.Demo1" tests="1" failures="0" timestamp="27 Jun 2020 14:43:03 GMT" time="4.235" errors="0">
  <testcase name="testLogin" time="4.235" classname="com.uiFrameWork.CompanyName.ProjectName.testScripts.Demo1"/>
</testsuite> <!-- com.uiFrameWork.CompanyName.ProjectName.testScripts.Demo1 -->
