<?xml version="1.0" encoding="UTF-8"?>
<!-- Generated by org.testng.reporters.JUnitReportReporter -->
<testsuite skipped="0" hostname="DESKTOP-UBQJ9QQ" name="com.uiFrameWork.CompanyName.ProjectName.testScripts.TakeScreenShot" tests="1" failures="0" timestamp="03 Jul 2020 14:12:59 GMT" time="13.169" errors="0">
  <testcase name="testScreen" time="13.169" classname="com.uiFrameWork.CompanyName.ProjectName.testScripts.TakeScreenShot"/>
</testsuite> <!-- com.uiFrameWork.CompanyName.ProjectName.testScripts.TakeScreenShot -->
