<?xml version="1.0" encoding="UTF-8"?>
<!-- Generated by org.testng.reporters.JUnitReportReporter -->
<testsuite skipped="0" hostname="DESKTOP-UBQJ9QQ" name="com.uiFrameWork.CompanyName.ProjectName.testScripts.A" tests="1" failures="0" timestamp="24 Jun 2020 13:35:56 GMT" time="0.016" errors="0">
  <testcase name="testA" time="0.016" classname="com.uiFrameWork.CompanyName.ProjectName.testScripts.A"/>
</testsuite> <!-- com.uiFrameWork.CompanyName.ProjectName.testScripts.A -->
