<?xml version="1.0" encoding="UTF-8"?>
<!-- Generated by org.testng.reporters.JUnitReportReporter -->
<testsuite skipped="0" hostname="DESKTOP-UBQJ9QQ" name="com.uiFrameWork.CompanyName.ProjectName.testScripts.Demo" tests="3" failures="0" timestamp="27 Jun 2020 11:48:56 GMT" time="0.778" errors="0">
  <testcase name="testLogin1" time="0.046" classname="com.uiFrameWork.CompanyName.ProjectName.testScripts.Demo"/>
  <testcase name="testLogin3" time="0.669" classname="com.uiFrameWork.CompanyName.ProjectName.testScripts.Demo"/>
  <testcase name="testLogin2" time="0.063" classname="com.uiFrameWork.CompanyName.ProjectName.testScripts.Demo"/>
</testsuite> <!-- com.uiFrameWork.CompanyName.ProjectName.testScripts.Demo -->
