<?xml version="1.0" encoding="UTF-8"?>
<!-- Generated by org.testng.reporters.JUnitReportReporter -->
<testsuite skipped="2" hostname="DESKTOP-UBQJ9QQ" name="com.uiFrameWork.CompanyName.ProjectName.testScripts.B" tests="3" failures="0" timestamp="24 Jun 2020 13:35:56 GMT" time="0.021" errors="0">
  <testcase name="testB" time="0.005" classname="com.uiFrameWork.CompanyName.ProjectName.testScripts.B">
    <skipped/>
  </testcase> <!-- testB -->
  <testcase name="testB" time="0.016" classname="com.uiFrameWork.CompanyName.ProjectName.testScripts.B"/>
  <testcase name="testB" time="0.000" classname="com.uiFrameWork.CompanyName.ProjectName.testScripts.B">
    <skipped/>
  </testcase> <!-- testB -->
</testsuite> <!-- com.uiFrameWork.CompanyName.ProjectName.testScripts.B -->
