<?xml version="1.0" encoding="UTF-8"?>
<!-- Generated by org.testng.reporters.JUnitReportReporter -->
<testsuite skipped="0" hostname="DESKTOP-UBQJ9QQ" name="com.uiFrameWork.CompanyName.ProjectName.testScripts.LoginTest" tests="1" failures="0" timestamp="13 Jul 2020 08:07:27 GMT" time="38.228" errors="0">
  <testcase name="testLogin" time="38.228" classname="com.uiFrameWork.CompanyName.ProjectName.testScripts.LoginTest"/>
</testsuite> <!-- com.uiFrameWork.CompanyName.ProjectName.testScripts.LoginTest -->
